Running main() from /tmp/tmpy70ej8fb/student/zaj13FileMatrix/unitTests/lib/googletest/src/gtest_main.cc
[==========] Running 15 tests from 1 test suite.
[----------] Global test environment set-up.
[----------] 15 tests from FileMatrixTester
[ RUN      ] FileMatrixTester.initialisationOfSingleElementMatrix_expectedFileCreated
[       OK ] FileMatrixTester.initialisationOfSingleElementMatrix_expectedFileCreated (0 ms)
[ RUN      ] FileMatrixTester.initialisationOfMatrixSingleColumnButMultipleRows_expectedFileWithProperSizeCreated
[       OK ] FileMatrixTester.initialisationOfMatrixSingleColumnButMultipleRows_expectedFileWithProperSizeCreated (0 ms)
[ RUN      ] FileMatrixTester.initialisationOfMatrixMultipleColumnAndSingleRow_expectedFileWithProperSizeCreated
[       OK ] FileMatrixTester.initialisationOfMatrixMultipleColumnAndSingleRow_expectedFileWithProperSizeCreated (0 ms)
[ RUN      ] FileMatrixTester.initialisationOfSquareMatrixMultipleColumnAndMultipleRows_expectedFileWithProperSizeCreated
[       OK ] FileMatrixTester.initialisationOfSquareMatrixMultipleColumnAndMultipleRows_expectedFileWithProperSizeCreated (0 ms)
[ RUN      ] FileMatrixTester.accesingMatrixDataWithTooGreatIndex_expectedThrowingOutOfRangeException
[       OK ] FileMatrixTester.accesingMatrixDataWithTooGreatIndex_expectedThrowingOutOfRangeException (0 ms)
[ RUN      ] FileMatrixTester.accesingMatrixElementsWithIndex_expectedSucessfullWriteAndRead
[       OK ] FileMatrixTester.accesingMatrixElementsWithIndex_expectedSucessfullWriteAndRead (0 ms)
[ RUN      ] FileMatrixTester.comparingOfMatrixesWithTheSameData_expectedComparationReturnsTrue
[       OK ] FileMatrixTester.comparingOfMatrixesWithTheSameData_expectedComparationReturnsTrue (11 ms)
[ RUN      ] FileMatrixTester.comparingDifferentMatrixesWithTheSameNumberOfRowsAndColumnsButDifferentData_expectedComparationReturnsFalse
[       OK ] FileMatrixTester.comparingDifferentMatrixesWithTheSameNumberOfRowsAndColumnsButDifferentData_expectedComparationReturnsFalse (0 ms)
[ RUN      ] FileMatrixTester.copyConstruction_expectedFileCopiedWithEqualBinaryData
[       OK ] FileMatrixTester.copyConstruction_expectedFileCopiedWithEqualBinaryData (133 ms)
[ RUN      ] FileMatrixTester.assignmentOperatorCopying_expectedMatricesTheSame
[       OK ] FileMatrixTester.assignmentOperatorCopying_expectedMatricesTheSame (200 ms)
[ RUN      ] FileMatrixTester.moveConstruction_expectedFileMovedButSourceObjectUsable
[       OK ] FileMatrixTester.moveConstruction_expectedFileMovedButSourceObjectUsable (93 ms)
[ RUN      ] FileMatrixTester.assignmentOperatorMoving_expectedFileMovedButSourceObjectUsable
[       OK ] FileMatrixTester.assignmentOperatorMoving_expectedFileMovedButSourceObjectUsable (93 ms)
[ RUN      ] FileMatrixTester.containerHasBeginEndMethodsReturningIterator
/tmp/tmpy70ej8fb/student/zaj13FileMatrix/unitTests/FileMatrixTests.cpp:597: Failure
Failed
Iterator not implemented!
[  FAILED  ] FileMatrixTester.containerHasBeginEndMethodsReturningIterator (0 ms)
[ RUN      ] FileMatrixTester.containerHasIteratowWorkingWithForLoop
/tmp/tmpy70ej8fb/student/zaj13FileMatrix/unitTests/FileMatrixTests.cpp:638: Failure
Failed
Iterator not implemented!
[  FAILED  ] FileMatrixTester.containerHasIteratowWorkingWithForLoop (0 ms)
[ RUN      ] FileMatrixTester.containerHasIteratowWorkingWithStl
/tmp/tmpy70ej8fb/student/zaj13FileMatrix/unitTests/FileMatrixTests.cpp:679: Failure
Failed
Iterator not implemented!
[  FAILED  ] FileMatrixTester.containerHasIteratowWorkingWithStl (0 ms)
[----------] 15 tests from FileMatrixTester (534 ms total)

[----------] Global test environment tear-down
[==========] 15 tests from 1 test suite ran. (534 ms total)
[  PASSED  ] 12 tests.
[  FAILED  ] 3 tests, listed below:
[  FAILED  ] FileMatrixTester.containerHasBeginEndMethodsReturningIterator
[  FAILED  ] FileMatrixTester.containerHasIteratowWorkingWithForLoop
[  FAILED  ] FileMatrixTester.containerHasIteratowWorkingWithStl

 3 FAILED TESTS
